<?xml version="1.0" encoding="UTF-8"?>
<!-- Generated by org.testng.reporters.JUnitReportReporter -->
<testsuite hostname="LAPTOP-TFFFUC6D" failures="0" tests="1" name="sauceDemoSelenium.SauceDemoFunctionality" time="31.662" errors="0" timestamp="2025-08-02T18:23:39 IST" skipped="0">
  <testcase classname="sauceDemoSelenium.SauceDemoFunctionality" name="SauceDemoAutomate" time="31.662"/>
  <system-out/>
</testsuite> <!-- sauceDemoSelenium.SauceDemoFunctionality -->
